<?xml version="1.0" encoding="UTF-8"?>
<!-- Generated by org.testng.reporters.JUnitXMLReporter -->
<testsuite ignored="0" hostname="DESKTOP-D1SRNT3" failures="1" tests="1" name="banking test" time="36.209" errors="0" timestamp="2021-12-02T14:51:49 IST">
  <testcase classname="com.TestCases.TC_loginTest_001" name="loginTest" time="14.361">
    <failure type="java.lang.AssertionError" message="expected [true] but found [false]">
      <![CDATA[java.lang.AssertionError: expected [true] but found [false]
at com.TestCases.TC_loginTest_001.loginTest(TC_loginTest_001.java:34)
at java.base/java.util.ArrayList.forEach(ArrayList.java:1511)
... Removed 31 stack frames]]>
    </failure>
  </testcase> <!-- loginTest -->
</testsuite> <!-- banking test -->
